Using pre-set license
Built from '2020.3/staging' branch; Version is '2020.3.0f1 (c7b5465681fb) revision 13088070'; Using compiler version '192528614'; Build Type 'Release'
OS: 'Windows 10 Home; OS build 19045.6466; Version 2009; 64bit' Language: 'en' Physical Memory: 65452 MB
BatchMode: 1, IsHumanControllingUs: 0, StartBugReporterOnCrash: 0, Is64bit: 1, IsPro: 0

 COMMAND LINE ARGUMENTS:
C:\Program Files\Unity\Hub\Editor\2020.3.0f1\Editor\Unity.exe
-adb2
-batchMode
-noUpm
-name
AssetImportWorker0
-projectPath
C:/Users/Shaun/BaaroForce
-logFile
Logs/AssetImportWorker0.log
-srvPort
49845
Successfully changed project path to: C:/Users/Shaun/BaaroForce
C:/Users/Shaun/BaaroForce
Using Asset Import Pipeline V2.
Refreshing native plugins compatible for Editor in 27.31 ms, found 1 plugins.
Preloading 0 native plugins for Editor in 0.00 ms.
Initialize engine version: 2020.3.0f1 (c7b5465681fb)
[Subsystems] Discovering subsystems at path C:/Program Files/Unity/Hub/Editor/2020.3.0f1/Editor/Data/Resources/UnitySubsystems
[Subsystems] Discovering subsystems at path C:/Users/Shaun/BaaroForce/Assets
GfxDevice: creating device client; threaded=0
Direct3D:
    Version:  Direct3D 11.0 [level 11.1]
    Renderer: NVIDIA GeForce GTX 1660 SUPER (ID=0x21c4)
    Vendor:   
    VRAM:     5966 MB
    Driver:   32.0.15.8180
Initialize mono
Mono path[0] = 'C:/Program Files/Unity/Hub/Editor/2020.3.0f1/Editor/Data/Managed'
Mono path[1] = 'C:/Program Files/Unity/Hub/Editor/2020.3.0f1/Editor/Data/MonoBleedingEdge/lib/mono/unityjit'
Mono config path = 'C:/Program Files/Unity/Hub/Editor/2020.3.0f1/Editor/Data/MonoBleedingEdge/etc'
Using monoOptions --debugger-agent=transport=dt_socket,embedding=1,server=y,suspend=n,address=127.0.0.1:56912
Begin MonoManager ReloadAssembly
Registering precompiled unity dll's ...
Register platform support module: C:/Program Files/Unity/Hub/Editor/2020.3.0f1/Editor/Data/PlaybackEngines/WindowsStandaloneSupport/UnityEditor.WindowsStandalone.Extensions.dll
Registered in 0.001657 seconds.
Native extension for WindowsStandalone target not found
Refreshing native plugins compatible for Editor in 26.96 ms, found 1 plugins.
Preloading 0 native plugins for Editor in 0.00 ms.
Invoked RoslynAnalysisRunner static constructor.
RoslynAnalysisRunner will not be running.
RoslynAnalysisRunner has terminated.
Mono: successfully reloaded assembly
- Completed reload, in  0.843 seconds
Platform modules already initialized, skipping
Registering precompiled user dll's ...
Registered in 0.000773 seconds.
Begin MonoManager ReloadAssembly
Native extension for WindowsStandalone target not found
Refreshing native plugins compatible for Editor in 26.48 ms, found 1 plugins.
Preloading 0 native plugins for Editor in 0.00 ms.
Invoked RoslynAnalysisRunner static constructor.
RoslynAnalysisRunner will not be running.
RoslynAnalysisRunner has terminated.
Mono: successfully reloaded assembly
- Completed reload, in  0.684 seconds
Platform modules already initialized, skipping
========================================================================
Worker process is ready to serve import requests
Launched and connected shader compiler UnityShaderCompiler.exe after 0.03 seconds
Refreshing native plugins compatible for Editor in 0.31 ms, found 1 plugins.
Preloading 0 native plugins for Editor in 0.00 ms.
Unloading 1837 Unused Serialized files (Serialized files now loaded: 0)
System memory in use before: 90.8 MB.
System memory in use after: 90.7 MB.

Unloading 24 unused Assets to reduce memory usage. Loaded Objects now: 2285.
Total: 1.827100 ms (FindLiveObjects: 0.171500 ms CreateObjectMapping: 0.047200 ms MarkObjects: 1.513200 ms  DeleteObjects: 0.094500 ms)

========================================================================
Received Import Request.
  path: Assets/playbutton 1.png
  artifactKey: Guid(bf02dfc29668f81499e99d1972b0a5cf) Importer(815301076,1909f56bfc062723c751e8b465ee728b)
Start importing Assets/playbutton 1.png using Guid(bf02dfc29668f81499e99d1972b0a5cf) Importer(815301076,1909f56bfc062723c751e8b465ee728b)  -> (artifact id: '03261f9540b02a47e465299c09969d1c') in 0.127396 seconds
  Import took 0.129738 seconds .

========================================================================
Received Import Request.
  Time since last request: 1254.261342 seconds.
  path: Assets/statisticsButton.png
  artifactKey: Guid(51b7fded53d39d94ba1d700886cc43b4) Importer(815301076,1909f56bfc062723c751e8b465ee728b)
Start importing Assets/statisticsButton.png using Guid(51b7fded53d39d94ba1d700886cc43b4) Importer(815301076,1909f56bfc062723c751e8b465ee728b)  -> (artifact id: 'b0352eaedb7ce22f2f83b87c6508da76') in 0.028161 seconds
  Import took 0.031029 seconds .

========================================================================
Received Import Request.
  Time since last request: 202.032998 seconds.
  path: Assets/quitButton.png
  artifactKey: Guid(a52abb12258c27540b0f018f2604f79e) Importer(815301076,1909f56bfc062723c751e8b465ee728b)
Start importing Assets/quitButton.png using Guid(a52abb12258c27540b0f018f2604f79e) Importer(815301076,1909f56bfc062723c751e8b465ee728b)  -> (artifact id: 'cd0651eb294496a2fdeafa845ae2b551') in 0.022554 seconds
  Import took 0.025057 seconds .

